Tue Oct 10 11:05:41 IST 2023
[warning] build config error: skipping missing, empty or corrupt aspectpath entry: /Applications/IntelliJ IDEA.app/Contents/plugins/maven/lib/maven3/boot/plexus-classworlds.license
	
/Users/yash.bansal/workspace/coffee-machine/target/classes!org/example/MyAspectAround.class [warning] can not build thisJoinPoint lazily for this advice since it has no suitable guard [Xlint:noGuardForLazyTjp]
	
/Users/yash.bansal/.m2/repository/com/jcabi/jcabi-aspects/0.22.6/jcabi-aspects-0.22.6.jar!com/jcabi/aspects/aj/ImmutabilityChecker.class [warning] can not build thisJoinPoint lazily for this advice since it has no suitable guard [Xlint:noGuardForLazyTjp]
	
/Users/yash.bansal/.m2/repository/com/jcabi/jcabi-aspects/0.22.6/jcabi-aspects-0.22.6.jar!com/jcabi/aspects/aj/MethodCacher.class [warning] can not build thisJoinPoint lazily for this advice since it has no suitable guard [Xlint:noGuardForLazyTjp]
	
/Users/yash.bansal/.m2/repository/com/jcabi/jcabi-aspects/0.22.6/jcabi-aspects-0.22.6.jar!com/jcabi/aspects/aj/MethodCacher.class [warning] can not build thisJoinPoint lazily for this advice since it has no suitable guard [Xlint:noGuardForLazyTjp]
	
/Users/yash.bansal/.m2/repository/com/jcabi/jcabi-aspects/0.22.6/jcabi-aspects-0.22.6.jar!com/jcabi/aspects/aj/MethodScheduler.class [warning] can not build thisJoinPoint lazily for this advice since it has no suitable guard [Xlint:noGuardForLazyTjp]
	
/Users/yash.bansal/.m2/repository/com/jcabi/jcabi-aspects/0.22.6/jcabi-aspects-0.22.6.jar!com/jcabi/aspects/aj/MethodScheduler.class [warning] can not build thisJoinPoint lazily for this advice since it has no suitable guard [Xlint:noGuardForLazyTjp]
	
/Users/yash.bansal/.m2/repository/com/jcabi/jcabi-aspects/0.22.6/jcabi-aspects-0.22.6.jar!com/jcabi/aspects/aj/MethodValidator.class [warning] can not build thisJoinPoint lazily for this advice since it has no suitable guard [Xlint:noGuardForLazyTjp]
	
/Users/yash.bansal/.m2/repository/com/jcabi/jcabi-aspects/0.22.6/jcabi-aspects-0.22.6.jar!com/jcabi/aspects/aj/MethodValidator.class [warning] can not build thisJoinPoint lazily for this advice since it has no suitable guard [Xlint:noGuardForLazyTjp]
	
/Users/yash.bansal/.m2/repository/com/jcabi/jcabi-aspects/0.22.6/jcabi-aspects-0.22.6.jar!com/jcabi/aspects/aj/MethodValidator.class [warning] can not build thisJoinPoint lazily for this advice since it has no suitable guard [Xlint:noGuardForLazyTjp]
	
/Users/yash.bansal/workspace/coffee-machine/target/classes!org/example/MyAspectAround.class [warning] can not build thisJoinPoint lazily for this advice since it has no suitable guard [Xlint:noGuardForLazyTjp]
	
/Users/yash.bansal/.m2/repository/com/jcabi/jcabi-aspects/0.22.6/jcabi-aspects-0.22.6.jar!com/jcabi/aspects/aj/ImmutabilityChecker.class [warning] can not build thisJoinPoint lazily for this advice since it has no suitable guard [Xlint:noGuardForLazyTjp]
	
/Users/yash.bansal/.m2/repository/com/jcabi/jcabi-aspects/0.22.6/jcabi-aspects-0.22.6.jar!com/jcabi/aspects/aj/MethodCacher.class [warning] can not build thisJoinPoint lazily for this advice since it has no suitable guard [Xlint:noGuardForLazyTjp]
	
/Users/yash.bansal/.m2/repository/com/jcabi/jcabi-aspects/0.22.6/jcabi-aspects-0.22.6.jar!com/jcabi/aspects/aj/MethodCacher.class [warning] can not build thisJoinPoint lazily for this advice since it has no suitable guard [Xlint:noGuardForLazyTjp]
	
/Users/yash.bansal/.m2/repository/com/jcabi/jcabi-aspects/0.22.6/jcabi-aspects-0.22.6.jar!com/jcabi/aspects/aj/MethodScheduler.class [warning] can not build thisJoinPoint lazily for this advice since it has no suitable guard [Xlint:noGuardForLazyTjp]
	
/Users/yash.bansal/.m2/repository/com/jcabi/jcabi-aspects/0.22.6/jcabi-aspects-0.22.6.jar!com/jcabi/aspects/aj/MethodScheduler.class [warning] can not build thisJoinPoint lazily for this advice since it has no suitable guard [Xlint:noGuardForLazyTjp]
	
/Users/yash.bansal/.m2/repository/com/jcabi/jcabi-aspects/0.22.6/jcabi-aspects-0.22.6.jar!com/jcabi/aspects/aj/MethodValidator.class [warning] can not build thisJoinPoint lazily for this advice since it has no suitable guard [Xlint:noGuardForLazyTjp]
	
/Users/yash.bansal/.m2/repository/com/jcabi/jcabi-aspects/0.22.6/jcabi-aspects-0.22.6.jar!com/jcabi/aspects/aj/MethodValidator.class [warning] can not build thisJoinPoint lazily for this advice since it has no suitable guard [Xlint:noGuardForLazyTjp]
	
/Users/yash.bansal/.m2/repository/com/jcabi/jcabi-aspects/0.22.6/jcabi-aspects-0.22.6.jar!com/jcabi/aspects/aj/MethodValidator.class [warning] can not build thisJoinPoint lazily for this advice since it has no suitable guard [Xlint:noGuardForLazyTjp]
	
/Users/yash.bansal/workspace/coffee-machine/target/classes!org/example/MyAspectAround.class [warning] can not build thisJoinPoint lazily for this advice since it has no suitable guard [Xlint:noGuardForLazyTjp]
	
Join point 'method-execution(void org.example.Operator.prepareFood(java.lang.String))' in Type 'org.example.Operator' (Operator.java:17) advised by before advice from 'org.example.MyAspectAround' (MyAspectAround.class(from MyAspectAround.java))
	
Join point 'method-execution(boolean org.example.Operator.canReceive())' in Type 'org.example.Operator' (Operator.java:34) advised by before advice from 'org.example.MyAspectAround' (MyAspectAround.class(from MyAspectAround.java))
	
Join point 'method-execution(boolean org.example.Operator.lambda$prepareFood$0(org.example.machines.Machine))' in Type 'org.example.Operator' (Operator.java:21) advised by before advice from 'org.example.MyAspectAround' (MyAspectAround.class(from MyAspectAround.java))
	
/Users/yash.bansal/.m2/repository/com/jcabi/jcabi-aspects/0.22.6/jcabi-aspects-0.22.6.jar!com/jcabi/aspects/aj/ImmutabilityChecker.class [warning] advice defined in com.jcabi.aspects.aj.ImmutabilityChecker has not been applied [Xlint:adviceDidNotMatch]
	
/Users/yash.bansal/.m2/repository/com/jcabi/jcabi-aspects/0.22.6/jcabi-aspects-0.22.6.jar!com/jcabi/aspects/aj/MethodScheduler.class [warning] advice defined in com.jcabi.aspects.aj.MethodScheduler has not been applied [Xlint:adviceDidNotMatch]
	
/Users/yash.bansal/.m2/repository/com/jcabi/jcabi-aspects/0.22.6/jcabi-aspects-0.22.6.jar!com/jcabi/aspects/aj/SingleException.class [warning] advice defined in com.jcabi.aspects.aj.SingleException has not been applied [Xlint:adviceDidNotMatch]
	
/Users/yash.bansal/.m2/repository/com/jcabi/jcabi-aspects/0.22.6/jcabi-aspects-0.22.6.jar!com/jcabi/aspects/aj/MethodInterrupter.class [warning] advice defined in com.jcabi.aspects.aj.MethodInterrupter has not been applied [Xlint:adviceDidNotMatch]
	
/Users/yash.bansal/.m2/repository/com/jcabi/jcabi-aspects/0.22.6/jcabi-aspects-0.22.6.jar!com/jcabi/aspects/aj/QuietExceptionsLogger.class [warning] advice defined in com.jcabi.aspects.aj.QuietExceptionsLogger has not been applied [Xlint:adviceDidNotMatch]
	
/Users/yash.bansal/.m2/repository/com/jcabi/jcabi-aspects/0.22.6/jcabi-aspects-0.22.6.jar!com/jcabi/aspects/aj/Parallelizer.class [warning] advice defined in com.jcabi.aspects.aj.Parallelizer has not been applied [Xlint:adviceDidNotMatch]
	
/Users/yash.bansal/.m2/repository/com/jcabi/jcabi-aspects/0.22.6/jcabi-aspects-0.22.6.jar!com/jcabi/aspects/aj/MethodLogger.class [warning] advice defined in com.jcabi.aspects.aj.MethodLogger has not been applied [Xlint:adviceDidNotMatch]
	
/Users/yash.bansal/.m2/repository/com/jcabi/jcabi-aspects/0.22.6/jcabi-aspects-0.22.6.jar!com/jcabi/aspects/aj/ExceptionsLogger.class [warning] advice defined in com.jcabi.aspects.aj.ExceptionsLogger has not been applied [Xlint:adviceDidNotMatch]
	
/Users/yash.bansal/.m2/repository/com/jcabi/jcabi-aspects/0.22.6/jcabi-aspects-0.22.6.jar!com/jcabi/aspects/aj/Repeater.class [warning] advice defined in com.jcabi.aspects.aj.Repeater has not been applied [Xlint:adviceDidNotMatch]
	
/Users/yash.bansal/.m2/repository/com/jcabi/jcabi-aspects/0.22.6/jcabi-aspects-0.22.6.jar!com/jcabi/aspects/aj/MethodValidator.class [warning] advice defined in com.jcabi.aspects.aj.MethodValidator has not been applied [Xlint:adviceDidNotMatch]
	
/Users/yash.bansal/.m2/repository/com/jcabi/jcabi-aspects/0.22.6/jcabi-aspects-0.22.6.jar!com/jcabi/aspects/aj/MethodAsyncRunner.class [warning] advice defined in com.jcabi.aspects.aj.MethodAsyncRunner has not been applied [Xlint:adviceDidNotMatch]
	
/Users/yash.bansal/.m2/repository/com/jcabi/jcabi-aspects/0.22.6/jcabi-aspects-0.22.6.jar!com/jcabi/aspects/aj/MethodCacher.class [warning] advice defined in com.jcabi.aspects.aj.MethodCacher has not been applied [Xlint:adviceDidNotMatch]
	
